<?xml version="1.0" encoding="UTF-8"?>
<coverage generated="1773603205050" clover="3.2.0">
  <project timestamp="1773603205050" name="All files">
    <metrics statements="9" coveredstatements="8" conditionals="10" coveredconditionals="7" methods="1" coveredmethods="1" elements="20" coveredelements="16" complexity="0" loc="9" ncloc="9" packages="1" files="1" classes="1"/>
    <file name="ai.ts" path="/Users/gonzoblasco/Proyectos/soporteml/src/api/ai.ts">
      <metrics statements="9" coveredstatements="8" conditionals="10" coveredconditionals="7" methods="1" coveredmethods="1"/>
      <line num="40" count="3" type="stmt"/>
      <line num="42" count="3" type="stmt"/>
      <line num="56" count="3" type="cond" truecount="2" falsecount="0"/>
      <line num="57" count="1" type="cond" truecount="1" falsecount="1"/>
      <line num="60" count="2" type="cond" truecount="1" falsecount="1"/>
      <line num="61" count="0" type="stmt"/>
      <line num="64" count="2" type="cond" truecount="2" falsecount="0"/>
      <line num="65" count="1" type="stmt"/>
      <line num="68" count="1" type="stmt"/>
    </file>
  </project>
</coverage>
