<?xml version="1.0" encoding="UTF-8"?>
<coverage generated="1773688122367" clover="3.2.0">
  <project timestamp="1773688122368" name="All files">
    <metrics statements="69" coveredstatements="68" conditionals="59" coveredconditionals="50" methods="14" coveredmethods="14" elements="142" coveredelements="132" complexity="0" loc="69" ncloc="69" packages="3" files="5" classes="5"/>
    <package name="api">
      <metrics statements="9" coveredstatements="8" conditionals="10" coveredconditionals="7" methods="1" coveredmethods="1"/>
      <file name="ai.ts" path="/Users/gonzoblasco/Proyectos/soporteml/src/api/ai.ts">
        <metrics statements="9" coveredstatements="8" conditionals="10" coveredconditionals="7" methods="1" coveredmethods="1"/>
        <line num="40" count="3" type="stmt"/>
        <line num="42" count="3" type="stmt"/>
        <line num="56" count="3" type="cond" truecount="2" falsecount="0"/>
        <line num="57" count="1" type="cond" truecount="1" falsecount="1"/>
        <line num="60" count="2" type="cond" truecount="1" falsecount="1"/>
        <line num="61" count="0" type="stmt"/>
        <line num="64" count="2" type="cond" truecount="2" falsecount="0"/>
        <line num="65" count="1" type="stmt"/>
        <line num="68" count="1" type="stmt"/>
      </file>
    </package>
    <package name="hooks">
      <metrics statements="15" coveredstatements="15" conditionals="1" coveredconditionals="1" methods="8" coveredmethods="8"/>
      <file name="usePagination.ts" path="/Users/gonzoblasco/Proyectos/soporteml/src/hooks/usePagination.ts">
        <metrics statements="15" coveredstatements="15" conditionals="1" coveredconditionals="1" methods="8" coveredmethods="8"/>
        <line num="3" count="1" type="stmt"/>
        <line num="7" count="16" type="stmt"/>
        <line num="8" count="16" type="stmt"/>
        <line num="10" count="16" type="stmt"/>
        <line num="12" count="16" type="stmt"/>
        <line num="13" count="16" type="stmt"/>
        <line num="14" count="16" type="stmt"/>
        <line num="16" count="16" type="stmt"/>
        <line num="17" count="16" type="stmt"/>
        <line num="19" count="16" type="stmt"/>
        <line num="20" count="16" type="stmt"/>
        <line num="21" count="16" type="stmt"/>
        <line num="22" count="16" type="stmt"/>
        <line num="24" count="16" type="stmt"/>
        <line num="25" count="16" type="stmt"/>
      </file>
    </package>
    <package name="lib">
      <metrics statements="45" coveredstatements="45" conditionals="48" coveredconditionals="42" methods="5" coveredmethods="5"/>
      <file name="auditLog.ts" path="/Users/gonzoblasco/Proyectos/soporteml/src/lib/auditLog.ts">
        <metrics statements="7" coveredstatements="7" conditionals="8" coveredconditionals="7" methods="1" coveredmethods="1"/>
        <line num="24" count="4" type="stmt"/>
        <line num="26" count="4" type="stmt"/>
        <line num="30" count="3" type="cond" truecount="2" falsecount="0"/>
        <line num="31" count="1" type="stmt"/>
        <line num="32" count="1" type="cond" truecount="1" falsecount="1"/>
        <line num="35" count="2" type="stmt"/>
        <line num="36" count="2" type="stmt"/>
      </file>
      <file name="groupQuestions.ts" path="/Users/gonzoblasco/Proyectos/soporteml/src/lib/groupQuestions.ts">
        <metrics statements="17" coveredstatements="17" conditionals="20" coveredconditionals="16" methods="2" coveredmethods="2"/>
        <line num="25" count="10" type="stmt"/>
        <line num="27" count="10" type="stmt"/>
        <line num="29" count="21" type="cond" truecount="2" falsecount="0"/>
        <line num="30" count="21" type="cond" truecount="2" falsecount="0"/>
        <line num="32" count="21" type="cond" truecount="2" falsecount="0"/>
        <line num="33" count="17" type="stmt"/>
        <line num="47" count="21" type="stmt"/>
        <line num="48" count="21" type="stmt"/>
        <line num="51" count="21" type="cond" truecount="2" falsecount="0"/>
        <line num="52" count="3" type="stmt"/>
        <line num="53" count="3" type="stmt"/>
        <line num="58" count="10" type="stmt"/>
        <line num="59" count="14" type="stmt"/>
        <line num="60" count="14" type="stmt"/>
        <line num="63" count="14" type="cond" truecount="2" falsecount="0"/>
        <line num="64" count="14" type="cond" truecount="2" falsecount="0"/>
        <line num="66" count="14" type="stmt"/>
      </file>
      <file name="meliTokenHealth.ts" path="/Users/gonzoblasco/Proyectos/soporteml/src/lib/meliTokenHealth.ts">
        <metrics statements="21" coveredstatements="21" conditionals="20" coveredconditionals="19" methods="2" coveredmethods="2"/>
        <line num="27" count="9" type="cond" truecount="2" falsecount="0"/>
        <line num="30" count="8" type="cond" truecount="2" falsecount="0"/>
        <line num="32" count="6" type="stmt"/>
        <line num="33" count="6" type="stmt"/>
        <line num="36" count="6" type="cond" truecount="2" falsecount="0"/>
        <line num="38" count="1" type="stmt"/>
        <line num="41" count="5" type="stmt"/>
        <line num="42" count="5" type="stmt"/>
        <line num="43" count="5" type="cond" truecount="1" falsecount="1"/>
        <line num="45" count="9" type="cond" truecount="2" falsecount="0"/>
        <line num="46" count="2" type="stmt"/>
        <line num="52" count="3" type="cond" truecount="2" falsecount="0"/>
        <line num="53" count="1" type="stmt"/>
        <line num="56" count="2" type="stmt"/>
        <line num="60" count="6" type="cond" truecount="6" falsecount="0"/>
        <line num="62" count="1" type="stmt"/>
        <line num="69" count="1" type="stmt"/>
        <line num="76" count="1" type="stmt"/>
        <line num="83" count="1" type="stmt"/>
        <line num="90" count="1" type="stmt"/>
        <line num="97" count="1" type="stmt"/>
      </file>
    </package>
  </project>
</coverage>
