{"/Users/gonzoblasco/Proyectos/soporteml/src/api/ai.ts": {"path":"/Users/gonzoblasco/Proyectos/soporteml/src/api/ai.ts","statementMap":{"0":{"start":{"line":40,"column":53},"end":{"line":40,"column":null}},"1":{"start":{"line":42,"column":26},"end":{"line":54,"column":null}},"2":{"start":{"line":56,"column":2},"end":{"line":58,"column":null}},"3":{"start":{"line":57,"column":4},"end":{"line":57,"column":null}},"4":{"start":{"line":60,"column":2},"end":{"line":62,"column":null}},"5":{"start":{"line":61,"column":4},"end":{"line":61,"column":null}},"6":{"start":{"line":64,"column":2},"end":{"line":66,"column":null}},"7":{"start":{"line":65,"column":4},"end":{"line":65,"column":null}},"8":{"start":{"line":68,"column":2},"end":{"line":68,"column":null}}},"fnMap":{"0":{"name":"fetchCopilotSuggestion","decl":{"start":{"line":37,"column":22},"end":{"line":37,"column":null}},"loc":{"start":{"line":38,"column":32},"end":{"line":69,"column":null}},"line":38}},"branchMap":{"0":{"loc":{"start":{"line":52,"column":18},"end":{"line":52,"column":null}},"type":"binary-expr","locations":[{"start":{"line":52,"column":18},"end":{"line":52,"column":37}},{"start":{"line":52,"column":41},"end":{"line":52,"column":null}}],"line":52},"1":{"loc":{"start":{"line":56,"column":2},"end":{"line":58,"column":null}},"type":"if","locations":[{"start":{"line":56,"column":2},"end":{"line":58,"column":null}},{"start":{},"end":{}}],"line":56},"2":{"loc":{"start":{"line":57,"column":20},"end":{"line":57,"column":null}},"type":"binary-expr","locations":[{"start":{"line":57,"column":20},"end":{"line":57,"column":33}},{"start":{"line":57,"column":37},"end":{"line":57,"column":null}}],"line":57},"3":{"loc":{"start":{"line":60,"column":2},"end":{"line":62,"column":null}},"type":"if","locations":[{"start":{"line":60,"column":2},"end":{"line":62,"column":null}},{"start":{},"end":{}}],"line":60},"4":{"loc":{"start":{"line":64,"column":2},"end":{"line":66,"column":null}},"type":"if","locations":[{"start":{"line":64,"column":2},"end":{"line":66,"column":null}},{"start":{},"end":{}}],"line":64}},"s":{"0":3,"1":3,"2":3,"3":1,"4":2,"5":0,"6":2,"7":1,"8":1},"f":{"0":3},"b":{"0":[3,0],"1":[1,2],"2":[1,0],"3":[0,2],"4":[1,1]},"meta":{"lastBranch":5,"lastFunction":1,"lastStatement":9,"seen":{"f:37:22:37:Infinity":0,"s:40:53:40:Infinity":0,"s:42:26:54:Infinity":1,"b:52:18:52:37:52:41:52:Infinity":0,"b:56:2:58:Infinity:undefined:undefined:undefined:undefined":1,"s:56:2:58:Infinity":2,"s:57:4:57:Infinity":3,"b:57:20:57:33:57:37:57:Infinity":2,"b:60:2:62:Infinity:undefined:undefined:undefined:undefined":3,"s:60:2:62:Infinity":4,"s:61:4:61:Infinity":5,"b:64:2:66:Infinity:undefined:undefined:undefined:undefined":4,"s:64:2:66:Infinity":6,"s:65:4:65:Infinity":7,"s:68:2:68:Infinity":8}}}
}
